  Tokenizer.cpp
d:\developement\mathcompiler\tokenizer.h(43): error C2061: syntax error: identifier 'string'
d:\developement\mathcompiler\tokenizer.h(44): error C2143: syntax error: missing ';' before '*'
d:\developement\mathcompiler\tokenizer.h(44): error C4430: missing type specifier - int assumed. Note: C++ does not support default-int
d:\developement\mathcompiler\tokenizer.h(44): error C2238: unexpected token(s) preceding ';'
d:\developement\mathcompiler\tokenizer.h(77): error C3646: 'value': unknown override specifier
d:\developement\mathcompiler\tokenizer.h(77): error C4430: missing type specifier - int assumed. Note: C++ does not support default-int
d:\developement\mathcompiler\tokenizer.h(79): error C2061: syntax error: identifier 'string'
d:\developement\mathcompiler\tokenizer.h(80): error C2039: 'value': is not a member of 'Operand'
  d:\developement\mathcompiler\tokenizer.h(74): note: see declaration of 'Operand'
d:\developement\mathcompiler\tokenizer.h(80): error C2065: 'value': undeclared identifier
d:\developement\mathcompiler\tokenizer.h(87): error C2039: 'value': is not a member of 'Operand'
  d:\developement\mathcompiler\tokenizer.h(74): note: see declaration of 'Operand'
d:\developement\mathcompiler\tokenizer.cpp(10): error C2511: 'Tokenizer::Tokenizer(std::string)': overloaded member function not found in 'Tokenizer'
  d:\developement\mathcompiler\tokenizer.h(40): note: see declaration of 'Tokenizer'
d:\developement\mathcompiler\tokenizer.cpp(11): error C2671: 'Tokenizer::{ctor}': static member functions do not have 'this' pointers
d:\developement\mathcompiler\tokenizer.cpp(11): error C2227: left of '->parseExpression' must point to class/struct/union/generic type
d:\developement\mathcompiler\tokenizer.cpp(14): error C2039: 'parseExpression': is not a member of 'Tokenizer'
  d:\developement\mathcompiler\tokenizer.h(40): note: see declaration of 'Tokenizer'
d:\developement\mathcompiler\tokenizer.cpp(28): error C3867: 'std::basic_string<char,std::char_traits<char>,std::allocator<char>>::length': non-standard syntax; use '&' to create a pointer to member
d:\developement\mathcompiler\tokenizer.cpp(28): error C2446: '<': no conversion from 'unsigned __int64 (__cdecl std::basic_string<char,std::char_traits<char>,std::allocator<char>>::* )(void) noexcept const' to 'int'
  d:\developement\mathcompiler\tokenizer.cpp(28): note: There is no context in which this conversion is possible
  MathCompiler.cpp
d:\developement\mathcompiler\tokenizer.h(43): error C2061: syntax error: identifier 'string'
d:\developement\mathcompiler\tokenizer.h(44): error C2143: syntax error: missing ';' before '*'
d:\developement\mathcompiler\tokenizer.h(44): error C4430: missing type specifier - int assumed. Note: C++ does not support default-int
d:\developement\mathcompiler\tokenizer.h(44): error C2238: unexpected token(s) preceding ';'
d:\developement\mathcompiler\tokenizer.h(77): error C3646: 'value': unknown override specifier
d:\developement\mathcompiler\tokenizer.h(77): error C4430: missing type specifier - int assumed. Note: C++ does not support default-int
d:\developement\mathcompiler\tokenizer.h(79): error C2061: syntax error: identifier 'string'
d:\developement\mathcompiler\tokenizer.h(80): error C2039: 'value': is not a member of 'Operand'
  d:\developement\mathcompiler\tokenizer.h(74): note: see declaration of 'Operand'
d:\developement\mathcompiler\tokenizer.h(80): error C2065: 'value': undeclared identifier
d:\developement\mathcompiler\tokenizer.h(87): error C2039: 'value': is not a member of 'Operand'
  d:\developement\mathcompiler\tokenizer.h(74): note: see declaration of 'Operand'
d:\developement\mathcompiler\mathcompiler.cpp(5): error C2664: 'Tokenizer::Tokenizer(Tokenizer &&)': cannot convert argument 1 from 'const char [8]' to 'const Tokenizer &'
  d:\developement\mathcompiler\mathcompiler.cpp(5): note: Reason: cannot convert from 'const char [8]' to 'const Tokenizer'
  d:\developement\mathcompiler\mathcompiler.cpp(5): note: No constructor could take the source type, or constructor overload resolution was ambiguous
  Generating Code...
